<?xml version='1.0' encoding='UTF-8'?>
<testsuite hostname="Julians-MacBook-Pro.local" name="rest.wallets.WalletResourceSpec" tests="9" errors="0" failures="0" skipped="0" time="0.835" timestamp="2020-11-29T01:53:23">
                     <properties>
[...]
</properties>
                     <testcase classname="rest.wallets.WalletResourceSpec" name="properly post" time="0.252">
                                                 
                                               </testcase><testcase classname="rest.wallets.WalletResourceSpec" name="confirm a wallet" time="0.437">
                                                 
                                               </testcase><testcase classname="rest.wallets.WalletResourceSpec" name="get a wallet" time="0.027">
                                                 
                                               </testcase><testcase classname="rest.wallets.WalletResourceSpec" name="add an account to a wallet" time="0.036">
                                                 
                                               </testcase><testcase classname="rest.wallets.WalletResourceSpec" name="get an account from wallet" time="0.018">
                                                 
                                               </testcase><testcase classname="rest.wallets.WalletResourceSpec" name="deposit to a wallet account" time="0.019">
                                                 
                                               </testcase><testcase classname="rest.wallets.WalletResourceSpec" name="withdraw from a wallet account" time="0.02">
                                                 
                                               </testcase><testcase classname="rest.wallets.WalletResourceSpec" name="get the bulkiest account in a wallet" time="0.026">
                                                 
                                               </testcase><testcase classname="rest.wallets.WalletResourceSpec" name="create a transaction between to accounts in a wallet" time="0.0">
                                                 
                                               </testcase>
                     <system-out><![CDATA[]]></system-out>
                     <system-err><![CDATA[]]></system-err>
                   </testsuite>